<?xml version="1.0" encoding="UTF-8"?>
<testng-results skipped="0" failed="0" ignored="0" total="1" passed="1">
  <reporter-output>
  </reporter-output>
  <suite name="Suite" duration-ms="15012" started-at="2019-10-16T11:50:05Z" finished-at="2019-10-16T11:50:20Z">
    <groups>
    </groups>
    <test name="Test" duration-ms="15012" started-at="2019-10-16T11:50:05Z" finished-at="2019-10-16T11:50:20Z">
      <class name="fb.tests.FbLoginTest">
        <test-method status="PASS" signature="initialize()[pri:0, instance:fb.tests.FbLoginTest@3532ec19]" name="initialize" is-config="true" duration-ms="8999" started-at="2019-10-16T17:19:56Z" finished-at="2019-10-16T17:20:05Z">
          <reporter-output>
          </reporter-output>
        </test-method> <!-- initialize -->
        <test-method status="PASS" signature="init()[pri:0, instance:fb.tests.FbLoginTest@3532ec19]" name="init" duration-ms="14990" started-at="2019-10-16T17:20:05Z" finished-at="2019-10-16T17:20:20Z">
          <reporter-output>
          </reporter-output>
        </test-method> <!-- init -->
        <test-method status="PASS" signature="TeardownTest()[pri:0, instance:fb.tests.FbLoginTest@3532ec19]" name="TeardownTest" is-config="true" duration-ms="961" started-at="2019-10-16T17:20:21Z" finished-at="2019-10-16T17:20:22Z">
          <reporter-output>
          </reporter-output>
        </test-method> <!-- TeardownTest -->
      </class> <!-- fb.tests.FbLoginTest -->
    </test> <!-- Test -->
  </suite> <!-- Suite -->
</testng-results>
